Attempting to connect to Network named: npe_WiFi
SSID: npe_WiFi
IP Address: 192.168.43.53
starting WebSocket client
Sending 0
Received a message:
DOCTYPE html>
	<html>
	  <head>

Sending 1
Sending 2
Received a message:
e=1">
		<meta charset="utf-8">
		<title>Application Error</title>
		<style media="screen">
		  html,body,ifr
Sending 3
Received a message:
e {
			margin: 0;
			padding: 0;
		  }
		  html,body {
			height: 100%;
			overflow: hidden;
		  }
		  iframe
Sending 4
Received a message:

			width: 100%;
			height: 100%;
			border: 0;
		  }
		</style>
	  </head>
	  <body>
		<iframe src="//www.herokucdn.com/er
Sending 5
Received a message:
r-pages/application-error.html"></iframe>
	  </body>
	</html>
disconnected
starting WebSocket client
Sending 6
Received a message:
DOCTYPE html>
	<html>
	  <head>

Sending 7
Sending 8
Received a message:
e=1">
		<meta charset="utf-8">
		<title>Application Error</title>
		<style media="screen">
		  html,body,ifr
Sending 9
Received a message:
e {
			margin: 0;
			padding: 0;
		  }
		  html,body {
			height: 100%;
			overflow: hidden;
		  }
		  iframe
Sending 10
Received a message:

			width: 100%;
			height: 100%;
			border: 0;
		  }
		</style>
	  </head>
	  <body>
		<iframe src="//www.herokucdn.com/er
Sending 11
Received a message:
r-pages/application-error.html"></iframe>
	  </body>
	</html>
